<?xml version="1.0" encoding="UTF-8"?>
<testsuite xmlns:xsi="http://www.w3.org/2001/XMLSchema-instance" xsi:noNamespaceSchemaLocation="https://maven.apache.org/surefire/maven-surefire-plugin/xsd/surefire-test-report-3.0.xsd" version="3.0" name="test.java.AnimalTest" time="0.018" tests="21" errors="0" skipped="0" failures="0">
  <properties>
[...]
</properties>
  <testcase name="reptile_getType_returnsReptile" classname="test.java.AnimalTest" time="0.001"/>
  <testcase name="menagerie_addAnimal_animalIsPresent" classname="test.java.AnimalTest" time="0.002"/>
  <testcase name="reptile_getName_returnsCorrectName" classname="test.java.AnimalTest" time="0.0"/>
  <testcase name="bird_animalID_isUnique" classname="test.java.AnimalTest" time="0.001"/>
  <testcase name="mammal_getType_returnsMammal" classname="test.java.AnimalTest" time="0.001"/>
  <testcase name="bird_getName_returnsCorrectName" classname="test.java.AnimalTest" time="0.001"/>
  <testcase name="menagerie_getAnimal_returnsNullForUnknownId" classname="test.java.AnimalTest" time="0.001"/>
  <testcase name="reptile_getDetails_containsReptile" classname="test.java.AnimalTest" time="0.001"/>
  <testcase name="bird_getCategory_returnsCorrectCategory" classname="test.java.AnimalTest" time="0.0"/>
  <testcase name="bird_getDetails_containsTypeAndName" classname="test.java.AnimalTest" time="0.0"/>
  <testcase name="mammal_getDetails_containsMammal" classname="test.java.AnimalTest" time="0.001"/>
  <testcase name="bird_getDateOfBirth_returnsCorrectDate" classname="test.java.AnimalTest" time="0.001"/>
  <testcase name="bird_getDateOfAcquisition_returnsCorrectDate" classname="test.java.AnimalTest" time="0.001"/>
  <testcase name="menagerie_idExist_returnsFalseForUnknownId" classname="test.java.AnimalTest" time="0.001"/>
  <testcase name="menagerie_getAnimal_returnsCorrectAnimal" classname="test.java.AnimalTest" time="0.0"/>
  <testcase name="bird_setCaged_updatesCorrectly" classname="test.java.AnimalTest" time="0.0"/>
  <testcase name="menagerie_idExist_returnsTrueForAddedAnimal" classname="test.java.AnimalTest" time="0.001"/>
  <testcase name="mammal_getCategory_returnsCorrectCategory" classname="test.java.AnimalTest" time="0.0"/>
  <testcase name="bird_isCaged_falseByDefault" classname="test.java.AnimalTest" time="0.001"/>
  <testcase name="bird_getSex_returnsCorrectSex" classname="test.java.AnimalTest" time="0.0"/>
  <testcase name="bird_getType_returnsBird" classname="test.java.AnimalTest" time="0.0"/>
</testsuite>