<?xml version="1.0" encoding="UTF-8"?>
<testsuite xmlns:xsi="http://www.w3.org/2001/XMLSchema-instance" xsi:noNamespaceSchemaLocation="https://maven.apache.org/surefire/maven-surefire-plugin/xsd/surefire-test-report-3.0.xsd" version="3.0" name="test.java.AssignmentTest" time="0.014" tests="16" errors="0" skipped="0" failures="0">
  <properties>
[...]
</properties>
  <testcase name="cagesCollection_isAssigned_returnsTrueForAssignedAnimal" classname="test.java.AssignmentTest" time="0.002">
    <system-out><![CDATA[The following animal has successfully been added to the cage:

Animal ID: 345 --- Type: Bird --- 
Name: Robin --- Category: Prey --- Sex: Male
Date of Birth: 02/02/2021 --- Date of Acquisition: 05/01/2021
The following animal has successfully been added to the cage:

Animal ID: 345 --- Type: Bird --- 
Name: Robin --- Category: Prey --- Sex: Male
Date of Birth: 02/02/2021 --- Date of Acquisition: 05/01/2021
]]></system-out>
  </testcase>
  <testcase name="assignmentTable_assignedCages_zeroWhenNoneAssigned" classname="test.java.AssignmentTest" time="0.001">
    <system-out><![CDATA[The following animal has successfully been added to the cage:

Animal ID: 346 --- Type: Bird --- 
Name: Robin --- Category: Prey --- Sex: Male
Date of Birth: 02/02/2021 --- Date of Acquisition: 05/01/2021
]]></system-out>
  </testcase>
  <testcase name="cagesCollection_getCage_returnsNullForUnknownId" classname="test.java.AssignmentTest" time="0.001">
    <system-out><![CDATA[The following animal has successfully been added to the cage:

Animal ID: 347 --- Type: Bird --- 
Name: Robin --- Category: Prey --- Sex: Male
Date of Birth: 02/02/2021 --- Date of Acquisition: 05/01/2021
]]></system-out>
  </testcase>
  <testcase name="assignmentTable_getAssignmentID_isUnique" classname="test.java.AssignmentTest" time="0.0">
    <system-out><![CDATA[The following animal has successfully been added to the cage:

Animal ID: 348 --- Type: Bird --- 
Name: Robin --- Category: Prey --- Sex: Male
Date of Birth: 02/02/2021 --- Date of Acquisition: 05/01/2021
]]></system-out>
  </testcase>
  <testcase name="assignmentTable_maxedOut_after4Cages" classname="test.java.AssignmentTest" time="0.001">
    <system-out><![CDATA[The following animal has successfully been added to the cage:

Animal ID: 349 --- Type: Bird --- 
Name: Robin --- Category: Prey --- Sex: Male
Date of Birth: 02/02/2021 --- Date of Acquisition: 05/01/2021
The following animal has successfully been added to the cage:

Animal ID: 350 --- Type: Bird --- 
Name: Robin --- Category: Prey --- Sex: Male
Date of Birth: 01/01/2020 --- Date of Acquisition: 01/01/2020
The following animal has successfully been added to the cage:

Animal ID: 351 --- Type: Bird --- 
Name: Robin --- Category: Prey --- Sex: Male
Date of Birth: 01/01/2020 --- Date of Acquisition: 01/01/2020
The following animal has successfully been added to the cage:

Animal ID: 352 --- Type: Bird --- 
Name: Robin --- Category: Prey --- Sex: Male
Date of Birth: 01/01/2020 --- Date of Acquisition: 01/01/2020
The following animal has successfully been added to the cage:

Animal ID: 353 --- Type: Bird --- 
Name: Robin --- Category: Prey --- Sex: Male
Date of Birth: 01/01/2020 --- Date of Acquisition: 01/01/2020
The following animal has successfully been added to the cage:

Animal ID: 354 --- Type: Bird --- 
Name: Extra --- Category: Prey --- Sex: Male
Date of Birth: 01/01/2020 --- Date of Acquisition: 01/01/2020
This keeper cannot care for any more cages
]]></system-out>
  </testcase>
  <testcase name="assignmentTable_assignCage_fails_withNullCage" classname="test.java.AssignmentTest" time="0.001">
    <system-out><![CDATA[The following animal has successfully been added to the cage:

Animal ID: 355 --- Type: Bird --- 
Name: Robin --- Category: Prey --- Sex: Male
Date of Birth: 02/02/2021 --- Date of Acquisition: 05/01/2021
Cage do not exists
]]></system-out>
  </testcase>
  <testcase name="cagesCollection_getCage_returnsCorrectCage" classname="test.java.AssignmentTest" time="0.001">
    <system-out><![CDATA[The following animal has successfully been added to the cage:

Animal ID: 356 --- Type: Bird --- 
Name: Robin --- Category: Prey --- Sex: Male
Date of Birth: 02/02/2021 --- Date of Acquisition: 05/01/2021
]]></system-out>
  </testcase>
  <testcase name="assignmentTable_assignCage_fails_withEmptyCage" classname="test.java.AssignmentTest" time="0.0">
    <system-out><![CDATA[The following animal has successfully been added to the cage:

Animal ID: 357 --- Type: Bird --- 
Name: Robin --- Category: Prey --- Sex: Male
Date of Birth: 02/02/2021 --- Date of Acquisition: 05/01/2021
This cage is empty. it cannot be assigned yet.
]]></system-out>
  </testcase>
  <testcase name="assignmentTable_cageIsPresent_returnsTrueAfterAssignment" classname="test.java.AssignmentTest" time="0.001">
    <system-out><![CDATA[The following animal has successfully been added to the cage:

Animal ID: 358 --- Type: Bird --- 
Name: Robin --- Category: Prey --- Sex: Male
Date of Birth: 02/02/2021 --- Date of Acquisition: 05/01/2021
]]></system-out>
  </testcase>
  <testcase name="assignmentTable_assignedCages_returnsCorrectCount" classname="test.java.AssignmentTest" time="0.0">
    <system-out><![CDATA[The following animal has successfully been added to the cage:

Animal ID: 359 --- Type: Bird --- 
Name: Robin --- Category: Prey --- Sex: Male
Date of Birth: 02/02/2021 --- Date of Acquisition: 05/01/2021
]]></system-out>
  </testcase>
  <testcase name="validationException_getMessage_containsMessage" classname="test.java.AssignmentTest" time="0.0">
    <system-out><![CDATA[The following animal has successfully been added to the cage:

Animal ID: 360 --- Type: Bird --- 
Name: Robin --- Category: Prey --- Sex: Male
Date of Birth: 02/02/2021 --- Date of Acquisition: 05/01/2021
]]></system-out>
  </testcase>
  <testcase name="assignmentTable_setAssignedKeeper_updatesKeeper" classname="test.java.AssignmentTest" time="0.001">
    <system-out><![CDATA[The following animal has successfully been added to the cage:

Animal ID: 361 --- Type: Bird --- 
Name: Robin --- Category: Prey --- Sex: Male
Date of Birth: 02/02/2021 --- Date of Acquisition: 05/01/2021
]]></system-out>
  </testcase>
  <testcase name="assignmentTable_cageIsPresent_returnsFalseForUnassignedCage" classname="test.java.AssignmentTest" time="0.0">
    <system-out><![CDATA[The following animal has successfully been added to the cage:

Animal ID: 362 --- Type: Bird --- 
Name: Robin --- Category: Prey --- Sex: Male
Date of Birth: 02/02/2021 --- Date of Acquisition: 05/01/2021
]]></system-out>
  </testcase>
  <testcase name="cagesCollection_addCage_isNotEmptyAfterAdd" classname="test.java.AssignmentTest" time="0.001">
    <system-out><![CDATA[The following animal has successfully been added to the cage:

Animal ID: 363 --- Type: Bird --- 
Name: Robin --- Category: Prey --- Sex: Male
Date of Birth: 02/02/2021 --- Date of Acquisition: 05/01/2021
]]></system-out>
  </testcase>
  <testcase name="assignmentTable_assignCage_succeeds_withOccupiedCage" classname="test.java.AssignmentTest" time="0.001">
    <system-out><![CDATA[The following animal has successfully been added to the cage:

Animal ID: 364 --- Type: Bird --- 
Name: Robin --- Category: Prey --- Sex: Male
Date of Birth: 02/02/2021 --- Date of Acquisition: 05/01/2021
]]></system-out>
  </testcase>
  <testcase name="assignmentTable_getAssignedKeeper_returnsCorrectKeeper" classname="test.java.AssignmentTest" time="0.0">
    <system-out><![CDATA[The following animal has successfully been added to the cage:

Animal ID: 365 --- Type: Bird --- 
Name: Robin --- Category: Prey --- Sex: Male
Date of Birth: 02/02/2021 --- Date of Acquisition: 05/01/2021
]]></system-out>
  </testcase>
</testsuite>