<?xml version="1.0" encoding="UTF-8"?>
<testsuite xmlns:xsi="http://www.w3.org/2001/XMLSchema-instance" xsi:noNamespaceSchemaLocation="https://maven.apache.org/surefire/maven-surefire-plugin/xsd/surefire-test-report-3.0.xsd" version="3.0" name="EmployeeTest" time="0.043" tests="22" errors="0" skipped="0" failures="0">
  <properties>
[...]
</properties>
  <testcase name="headKeeper_build_defaultsAddress_whenNotSet" classname="EmployeeTest" time="0.001"/>
  <testcase name="administrator_getLastName_returnsCorrectName" classname="EmployeeTest" time="0.0"/>
  <testcase name="employeeRoster_addEmployee_employeeIsPresent" classname="EmployeeTest" time="0.018"/>
  <testcase name="employeeRoster_addEmployee_rejectsDuplicate" classname="EmployeeTest" time="0.005">
    <system-out><![CDATA[
----- This person is already in the roster -----
]]></system-out>
  </testcase>
  <testcase name="administrator_getName_returnsFirstName" classname="EmployeeTest" time="0.0"/>
  <testcase name="headKeeper_getDetails_containsName" classname="EmployeeTest" time="0.003"/>
  <testcase name="headKeeper_build_throwsException_whenLastNameMissing" classname="EmployeeTest" time="0.001"/>
  <testcase name="assistantKeeper_getFirstName_returnsCorrectName" classname="EmployeeTest" time="0.001"/>
  <testcase name="employeeRoster_getKeeper_returnsNullForUnknownId" classname="EmployeeTest" time="0.0"/>
  <testcase name="headKeeper_build_throwsException_whenInvalidName" classname="EmployeeTest" time="0.001"/>
  <testcase name="administrator_getDetails_containsNameAndId" classname="EmployeeTest" time="0.001"/>
  <testcase name="employeeRoster_newEmployeeExists_returnsTrueForExisting" classname="EmployeeTest" time="0.0"/>
  <testcase name="administrator_getFirstName_returnsCorrectName" classname="EmployeeTest" time="0.0"/>
  <testcase name="headKeeper_build_withValidData" classname="EmployeeTest" time="0.0"/>
  <testcase name="administrator_getSurname_returnsLastName" classname="EmployeeTest" time="0.0"/>
  <testcase name="assistantKeeper_getID_isUnique" classname="EmployeeTest" time="0.001"/>
  <testcase name="administrator_getID_isUnique" classname="EmployeeTest" time="0.0"/>
  <testcase name="headKeeper_build_defaultsContactNumber_whenNotSet" classname="EmployeeTest" time="0.001"/>
  <testcase name="assistantKeeper_cageCare_doesNotThrow" classname="EmployeeTest" time="0.001">
    <system-out><![CDATA[Cage cleaned
Animals fed
]]></system-out>
  </testcase>
  <testcase name="headKeeper_build_throwsException_whenNameMissing" classname="EmployeeTest" time="0.001"/>
  <testcase name="employeeRoster_newEmployeeExists_returnsFalseForUnknown" classname="EmployeeTest" time="0.0"/>
  <testcase name="assistantKeeper_getDetails_containsName" classname="EmployeeTest" time="0.001"/>
</testsuite>